<?xml version="1.0" encoding="UTF-8"?>
<testng-results ignored="0" total="1" passed="1" failed="0" skipped="0">
  <reporter-output>
  </reporter-output>
  <suite started-at="2025-09-01T17:07:51 PDT" name="DistributedTestSuite" finished-at="2025-09-01T17:07:53 PDT" duration-ms="2006">
    <groups>
    </groups>
    <test started-at="2025-09-01T17:07:51 PDT" name="DistributedTest" finished-at="2025-09-01T17:07:53 PDT" duration-ms="2006">
      <class name="com.qa.tests.SampleLoginTest">
        <test-method signature="testValidLogin()[pri:1, instance:com.qa.tests.SampleLoginTest@13e04836]" started-at="2025-09-01T17:07:51 PDT" name="testValidLogin" finished-at="2025-09-01T17:07:53 PDT" duration-ms="2002" status="PASS">
          <reporter-output>
          </reporter-output>
        </test-method> <!-- testValidLogin -->
      </class> <!-- com.qa.tests.SampleLoginTest -->
    </test> <!-- DistributedTest -->
  </suite> <!-- DistributedTestSuite -->
</testng-results>
