<?xml version="1.0" encoding="UTF-8"?>
<!-- Generated by org.testng.reporters.JUnitXMLReporter -->
<testsuite ignored="0" hostname="HOME-ONE" failures="0" tests="11" name="Surefire test" time="1.202" errors="0" timestamp="2025-08-28T12:05:02 PDT">
  <testcase classname="com.qa.database.DatabaseTest" name="@BeforeClass setupClass" time="1.161">
    <failure type="java.lang.ExceptionInInitializerError">
      <![CDATA[java.lang.ExceptionInInitializerError
at com.qa.database.DatabaseTest.setupClass(DatabaseTest.java:13)
at java.base/java.util.ArrayList.forEach(ArrayList.java:1597)
Caused by: java.lang.RuntimeException: Failed to initialize database connection pool
at com.qa.database.DatabaseConnection.<clinit>(DatabaseConnection.java:23)
... 30 more
Caused by: com.zaxxer.hikari.pool.HikariPool$PoolInitializationException: Failed to initialize pool: Communications link failure

The last packet sent successfully to the server was 0 milliseconds ago. The driver has not received any packets from the server.
at com.zaxxer.hikari.pool.HikariPool.throwPoolInitializationException(HikariPool.java:596)
at com.zaxxer.hikari.pool.HikariPool.checkFailFast(HikariPool.java:582)
at com.zaxxer.hikari.pool.HikariPool.<init>(HikariPool.java:100)
at com.zaxxer.hikari.HikariDataSource.<init>(HikariDataSource.java:81)
at com.qa.database.DatabaseConnection.initializeDataSource(DatabaseConnection.java:47)
at com.qa.database.DatabaseConnection.<clinit>(DatabaseConnection.java:21)
... 30 more
Caused by: com.mysql.cj.jdbc.exceptions.CommunicationsException: Communications link failure

The last packet sent successfully to the server was 0 milliseconds ago. The driver has not received any packets from the server.
at com.mysql.cj.jdbc.exceptions.SQLError.createCommunicationsException(SQLError.java:175)
at com.mysql.cj.jdbc.exceptions.SQLExceptionsMapping.translateException(SQLExceptionsMapping.java:64)
at com.mysql.cj.jdbc.ConnectionImpl.createNewIO(ConnectionImpl.java:825)
at com.mysql.cj.jdbc.ConnectionImpl.<init>(ConnectionImpl.java:446)
at com.mysql.cj.jdbc.ConnectionImpl.getInstance(ConnectionImpl.java:239)
at com.mysql.cj.jdbc.NonRegisteringDriver.connect(NonRegisteringDriver.java:188)
at com.zaxxer.hikari.util.DriverDataSource.getConnection(DriverDataSource.java:138)
at com.zaxxer.hikari.pool.PoolBase.newConnection(PoolBase.java:359)
at com.zaxxer.hikari.pool.PoolBase.newPoolEntry(PoolBase.java:201)
at com.zaxxer.hikari.pool.HikariPool.createPoolEntry(HikariPool.java:470)
at com.zaxxer.hikari.pool.HikariPool.checkFailFast(HikariPool.java:561)
... 34 more
Caused by: com.mysql.cj.exceptions.CJCommunicationsException: Communications link failure

The last packet sent successfully to the server was 0 milliseconds ago. The driver has not received any packets from the server.
at com.mysql.cj.exceptions.ExceptionFactory.createException(ExceptionFactory.java:62)
at com.mysql.cj.exceptions.ExceptionFactory.createException(ExceptionFactory.java:105)
at com.mysql.cj.exceptions.ExceptionFactory.createException(ExceptionFactory.java:150)
at com.mysql.cj.exceptions.ExceptionFactory.createCommunicationsException(ExceptionFactory.java:166)
at com.mysql.cj.protocol.a.NativeSocketConnection.connect(NativeSocketConnection.java:89)
at com.mysql.cj.NativeSession.connect(NativeSession.java:121)
at com.mysql.cj.jdbc.ConnectionImpl.connectOneTryOnly(ConnectionImpl.java:945)
at com.mysql.cj.jdbc.ConnectionImpl.createNewIO(ConnectionImpl.java:815)
... 42 more
Caused by: java.net.ConnectException: Connection refused: getsockopt
at java.base/sun.nio.ch.Net.pollConnect(Native Method)
at java.base/sun.nio.ch.Net.pollConnectNow(Net.java:682)
at java.base/sun.nio.ch.NioSocketImpl.timedFinishConnect(NioSocketImpl.java:542)
at java.base/sun.nio.ch.NioSocketImpl.connect(NioSocketImpl.java:592)
at java.base/java.net.SocksSocketImpl.connect(SocksSocketImpl.java:327)
at java.base/java.net.Socket.connect(Socket.java:760)
at com.mysql.cj.protocol.StandardSocketFactory.connect(StandardSocketFactory.java:153)
at com.mysql.cj.protocol.a.NativeSocketConnection.connect(NativeSocketConnection.java:63)
... 45 more
... Removed 31 stack frames]]>
    </failure>
  </testcase> <!-- @BeforeClass setupClass -->
  <testcase classname="com.qa.database.DatabaseTest" name="@AfterClass teardownClass" time="0.0">
    <skipped/>
  </testcase> <!-- @AfterClass teardownClass -->
  <testcase classname="com.qa.database.DatabaseTest" name="testDatabaseConnection" time="0.0">
    <skipped/>
  </testcase> <!-- testDatabaseConnection -->
  <testcase classname="com.qa.database.DatabaseTest" name="testUsersRegisteredInLastSevenDays" time="0.0">
    <skipped/>
  </testcase> <!-- testUsersRegisteredInLastSevenDays -->
  <testcase classname="com.qa.database.DatabaseTest" name="testFindDuplicateEmails" time="0.0">
    <skipped/>
  </testcase> <!-- testFindDuplicateEmails -->
  <testcase classname="com.qa.database.DatabaseTest" name="testSecondHighestSalary" time="0.0">
    <skipped/>
  </testcase> <!-- testSecondHighestSalary -->
  <testcase classname="com.qa.database.DatabaseTest" name="testCustomersWithMoreThanFiveOrders" time="0.001">
    <skipped/>
  </testcase> <!-- testCustomersWithMoreThanFiveOrders -->
  <testcase classname="com.qa.database.DatabaseTest" name="testCustomersWithNoOrders" time="0.0">
    <skipped/>
  </testcase> <!-- testCustomersWithNoOrders -->
  <testcase classname="com.qa.database.DatabaseTest" name="testVerifyUIInsertReflectedInDB" time="0.0">
    <skipped/>
  </testcase> <!-- testVerifyUIInsertReflectedInDB -->
  <testcase classname="com.qa.database.DatabaseTest" name="testBankingTransferValidation" time="0.0">
    <skipped/>
  </testcase> <!-- testBankingTransferValidation -->
  <testcase classname="com.qa.database.DatabaseTest" name="testQueryPerformance" time="0.0">
    <skipped/>
  </testcase> <!-- testQueryPerformance -->
  <testcase classname="com.qa.database.DatabaseTest" name="testDataIntegrityConstraints" time="0.0">
    <skipped/>
  </testcase> <!-- testDataIntegrityConstraints -->
  <testcase classname="com.qa.database.DatabaseTest" name="testEdgeCases" time="0.0">
    <skipped/>
  </testcase> <!-- testEdgeCases -->
</testsuite> <!-- Surefire test -->
