<?xml version="1.0" encoding="UTF-8"?>
<!-- Generated by org.testng.reporters.JUnitReportReporter -->
<testsuite hostname="Suparenpai" failures="0" tests="11" name="com.qa.database.DatabaseTest" time="1.815" errors="0" timestamp="2025-08-28T23:32:45 PDT" skipped="0">
  <testcase classname="com.qa.database.DatabaseTest" name="testDatabaseConnection" time="0.215"/>
  <testcase classname="com.qa.database.DatabaseTest" name="testUsersRegisteredInLastSevenDays" time="0.017"/>
  <testcase classname="com.qa.database.DatabaseTest" name="testFindDuplicateEmails" time="0.010"/>
  <testcase classname="com.qa.database.DatabaseTest" name="testSecondHighestSalary" time="0.041"/>
  <testcase classname="com.qa.database.DatabaseTest" name="testCustomersWithMoreThanFiveOrders" time="0.011"/>
  <testcase classname="com.qa.database.DatabaseTest" name="testCustomersWithNoOrders" time="0.016"/>
  <testcase classname="com.qa.database.DatabaseTest" name="testVerifyUIInsertReflectedInDB" time="0.632"/>
  <testcase classname="com.qa.database.DatabaseTest" name="testBankingTransferValidation" time="0.698"/>
  <testcase classname="com.qa.database.DatabaseTest" name="testQueryPerformance" time="0.011"/>
  <testcase classname="com.qa.database.DatabaseTest" name="testDataIntegrityConstraints" time="0.125"/>
  <testcase classname="com.qa.database.DatabaseTest" name="testEdgeCases" time="0.039"/>
</testsuite> <!-- com.qa.database.DatabaseTest -->
