<?xml version="1.0" encoding="UTF-8"?>
<!-- Generated by org.testng.reporters.JUnitReportReporter -->
<testsuite hostname="HOME-ONE" failures="0" tests="11" name="com.qa.database.DatabaseTest" time="0.193" errors="0" timestamp="2025-08-28T13:18:10 PDT" skipped="0">
  <testcase classname="com.qa.database.DatabaseTest" name="testDatabaseConnection" time="0.078"/>
  <testcase classname="com.qa.database.DatabaseTest" name="testUsersRegisteredInLastSevenDays" time="0.014"/>
  <testcase classname="com.qa.database.DatabaseTest" name="testFindDuplicateEmails" time="0.003"/>
  <testcase classname="com.qa.database.DatabaseTest" name="testSecondHighestSalary" time="0.004"/>
  <testcase classname="com.qa.database.DatabaseTest" name="testCustomersWithMoreThanFiveOrders" time="0.003"/>
  <testcase classname="com.qa.database.DatabaseTest" name="testCustomersWithNoOrders" time="0.002"/>
  <testcase classname="com.qa.database.DatabaseTest" name="testVerifyUIInsertReflectedInDB" time="0.015"/>
  <testcase classname="com.qa.database.DatabaseTest" name="testBankingTransferValidation" time="0.023"/>
  <testcase classname="com.qa.database.DatabaseTest" name="testQueryPerformance" time="0.002"/>
  <testcase classname="com.qa.database.DatabaseTest" name="testDataIntegrityConstraints" time="0.045"/>
  <testcase classname="com.qa.database.DatabaseTest" name="testEdgeCases" time="0.004"/>
</testsuite> <!-- com.qa.database.DatabaseTest -->
