<?xml version="1.0" encoding="UTF-8"?>
<!-- Generated by org.testng.reporters.JUnitXMLReporter -->
<testsuite ignored="0" hostname="Suparenpai" failures="0" tests="11" name="Command line test" time="2.523" errors="0" timestamp="2025-08-29T13:36:28 PDT">
  <testcase classname="com.qa.database.DatabaseTest" name="testDatabaseConnection" time="0.13"/>
  <testcase classname="com.qa.database.DatabaseTest" name="testUsersRegisteredInLastSevenDays" time="0.027"/>
  <testcase classname="com.qa.database.DatabaseTest" name="testFindDuplicateEmails" time="0.01"/>
  <testcase classname="com.qa.database.DatabaseTest" name="testSecondHighestSalary" time="0.02"/>
  <testcase classname="com.qa.database.DatabaseTest" name="testCustomersWithMoreThanFiveOrders" time="0.011"/>
  <testcase classname="com.qa.database.DatabaseTest" name="testCustomersWithNoOrders" time="0.016"/>
  <testcase classname="com.qa.database.DatabaseTest" name="testVerifyUIInsertReflectedInDB" time="0.035"/>
  <testcase classname="com.qa.database.DatabaseTest" name="testBankingTransferValidation" time="0.077"/>
  <testcase classname="com.qa.database.DatabaseTest" name="testQueryPerformance" time="0.01"/>
  <testcase classname="com.qa.database.DatabaseTest" name="testDataIntegrityConstraints" time="0.07"/>
  <testcase classname="com.qa.database.DatabaseTest" name="testEdgeCases" time="0.027"/>
</testsuite> <!-- Command line test -->
