<?xml version="1.0" encoding="UTF-8"?>
<testng-results ignored="0" total="11" passed="11" failed="0" skipped="0">
  <reporter-output>
  </reporter-output>
  <suite started-at="2025-08-28T13:18:08 PDT" name="com.qa.database.DatabaseTest" finished-at="2025-08-28T13:18:10 PDT" duration-ms="1892">
    <groups>
      <group name="performance">
        <method signature="DatabaseTest.testQueryPerformance()[pri:9, instance:com.qa.database.DatabaseTest@1da51a35]" name="testQueryPerformance" class="com.qa.database.DatabaseTest"/>
      </group> <!-- performance -->
      <group name="business-logic">
        <method signature="DatabaseTest.testCustomersWithMoreThanFiveOrders()[pri:5, instance:com.qa.database.DatabaseTest@1da51a35]" name="testCustomersWithMoreThanFiveOrders" class="com.qa.database.DatabaseTest"/>
        <method signature="DatabaseTest.testCustomersWithNoOrders()[pri:6, instance:com.qa.database.DatabaseTest@1da51a35]" name="testCustomersWithNoOrders" class="com.qa.database.DatabaseTest"/>
      </group> <!-- business-logic -->
      <group name="data-validation">
        <method signature="DatabaseTest.testFindDuplicateEmails()[pri:3, instance:com.qa.database.DatabaseTest@1da51a35]" name="testFindDuplicateEmails" class="com.qa.database.DatabaseTest"/>
      </group> <!-- data-validation -->
      <group name="regression">
        <method signature="DatabaseTest.testUsersRegisteredInLastSevenDays()[pri:2, instance:com.qa.database.DatabaseTest@1da51a35]" name="testUsersRegisteredInLastSevenDays" class="com.qa.database.DatabaseTest"/>
        <method signature="DatabaseTest.testSecondHighestSalary()[pri:4, instance:com.qa.database.DatabaseTest@1da51a35]" name="testSecondHighestSalary" class="com.qa.database.DatabaseTest"/>
      </group> <!-- regression -->
      <group name="smoke">
        <method signature="DatabaseTest.testDatabaseConnection()[pri:1, instance:com.qa.database.DatabaseTest@1da51a35]" name="testDatabaseConnection" class="com.qa.database.DatabaseTest"/>
      </group> <!-- smoke -->
      <group name="ui-validation">
        <method signature="DatabaseTest.testVerifyUIInsertReflectedInDB()[pri:7, instance:com.qa.database.DatabaseTest@1da51a35]" name="testVerifyUIInsertReflectedInDB" class="com.qa.database.DatabaseTest"/>
      </group> <!-- ui-validation -->
      <group name="edge-cases">
        <method signature="DatabaseTest.testEdgeCases()[pri:11, instance:com.qa.database.DatabaseTest@1da51a35]" name="testEdgeCases" class="com.qa.database.DatabaseTest"/>
      </group> <!-- edge-cases -->
      <group name="data-integrity">
        <method signature="DatabaseTest.testDataIntegrityConstraints()[pri:10, instance:com.qa.database.DatabaseTest@1da51a35]" name="testDataIntegrityConstraints" class="com.qa.database.DatabaseTest"/>
      </group> <!-- data-integrity -->
      <group name="banking">
        <method signature="DatabaseTest.testBankingTransferValidation()[pri:8, instance:com.qa.database.DatabaseTest@1da51a35]" name="testBankingTransferValidation" class="com.qa.database.DatabaseTest"/>
      </group> <!-- banking -->
    </groups>
    <test started-at="2025-08-28T13:18:08 PDT" name="Command line test" finished-at="2025-08-28T13:18:10 PDT" duration-ms="1892">
      <class name="com.qa.database.DatabaseTest">
        <test-method is-config="true" signature="setupClass()[pri:0, instance:com.qa.database.DatabaseTest@1da51a35]" started-at="2025-08-28T13:18:08 PDT" name="setupClass" finished-at="2025-08-28T13:18:10 PDT" duration-ms="1554" status="PASS">
          <reporter-output>
          </reporter-output>
        </test-method> <!-- setupClass -->
        <test-method signature="testDatabaseConnection()[pri:1, instance:com.qa.database.DatabaseTest@1da51a35]" started-at="2025-08-28T13:18:10 PDT" name="testDatabaseConnection" finished-at="2025-08-28T13:18:10 PDT" duration-ms="78" status="PASS">
          <reporter-output>
          </reporter-output>
        </test-method> <!-- testDatabaseConnection -->
        <test-method signature="testUsersRegisteredInLastSevenDays()[pri:2, instance:com.qa.database.DatabaseTest@1da51a35]" started-at="2025-08-28T13:18:10 PDT" name="testUsersRegisteredInLastSevenDays" finished-at="2025-08-28T13:18:10 PDT" duration-ms="14" status="PASS">
          <reporter-output>
          </reporter-output>
        </test-method> <!-- testUsersRegisteredInLastSevenDays -->
        <test-method signature="testFindDuplicateEmails()[pri:3, instance:com.qa.database.DatabaseTest@1da51a35]" started-at="2025-08-28T13:18:10 PDT" name="testFindDuplicateEmails" finished-at="2025-08-28T13:18:10 PDT" duration-ms="3" status="PASS">
          <reporter-output>
          </reporter-output>
        </test-method> <!-- testFindDuplicateEmails -->
        <test-method signature="testSecondHighestSalary()[pri:4, instance:com.qa.database.DatabaseTest@1da51a35]" started-at="2025-08-28T13:18:10 PDT" name="testSecondHighestSalary" finished-at="2025-08-28T13:18:10 PDT" duration-ms="4" status="PASS">
          <reporter-output>
          </reporter-output>
        </test-method> <!-- testSecondHighestSalary -->
        <test-method signature="testCustomersWithMoreThanFiveOrders()[pri:5, instance:com.qa.database.DatabaseTest@1da51a35]" started-at="2025-08-28T13:18:10 PDT" name="testCustomersWithMoreThanFiveOrders" finished-at="2025-08-28T13:18:10 PDT" duration-ms="3" status="PASS">
          <reporter-output>
          </reporter-output>
        </test-method> <!-- testCustomersWithMoreThanFiveOrders -->
        <test-method signature="testCustomersWithNoOrders()[pri:6, instance:com.qa.database.DatabaseTest@1da51a35]" started-at="2025-08-28T13:18:10 PDT" name="testCustomersWithNoOrders" finished-at="2025-08-28T13:18:10 PDT" duration-ms="2" status="PASS">
          <reporter-output>
          </reporter-output>
        </test-method> <!-- testCustomersWithNoOrders -->
        <test-method signature="testVerifyUIInsertReflectedInDB()[pri:7, instance:com.qa.database.DatabaseTest@1da51a35]" started-at="2025-08-28T13:18:10 PDT" name="testVerifyUIInsertReflectedInDB" finished-at="2025-08-28T13:18:10 PDT" duration-ms="15" status="PASS">
          <reporter-output>
          </reporter-output>
        </test-method> <!-- testVerifyUIInsertReflectedInDB -->
        <test-method signature="testBankingTransferValidation()[pri:8, instance:com.qa.database.DatabaseTest@1da51a35]" started-at="2025-08-28T13:18:10 PDT" name="testBankingTransferValidation" finished-at="2025-08-28T13:18:10 PDT" duration-ms="23" status="PASS">
          <reporter-output>
          </reporter-output>
        </test-method> <!-- testBankingTransferValidation -->
        <test-method signature="testQueryPerformance()[pri:9, instance:com.qa.database.DatabaseTest@1da51a35]" started-at="2025-08-28T13:18:10 PDT" name="testQueryPerformance" finished-at="2025-08-28T13:18:10 PDT" duration-ms="2" status="PASS">
          <reporter-output>
          </reporter-output>
        </test-method> <!-- testQueryPerformance -->
        <test-method signature="testDataIntegrityConstraints()[pri:10, instance:com.qa.database.DatabaseTest@1da51a35]" started-at="2025-08-28T13:18:10 PDT" name="testDataIntegrityConstraints" finished-at="2025-08-28T13:18:10 PDT" duration-ms="45" status="PASS">
          <reporter-output>
          </reporter-output>
        </test-method> <!-- testDataIntegrityConstraints -->
        <test-method signature="testEdgeCases()[pri:11, instance:com.qa.database.DatabaseTest@1da51a35]" started-at="2025-08-28T13:18:10 PDT" name="testEdgeCases" finished-at="2025-08-28T13:18:10 PDT" duration-ms="4" status="PASS">
          <reporter-output>
          </reporter-output>
        </test-method> <!-- testEdgeCases -->
        <test-method is-config="true" signature="teardownClass()[pri:0, instance:com.qa.database.DatabaseTest@1da51a35]" started-at="2025-08-28T13:18:10 PDT" name="teardownClass" finished-at="2025-08-28T13:18:10 PDT" duration-ms="30" status="PASS">
          <reporter-output>
          </reporter-output>
        </test-method> <!-- teardownClass -->
      </class> <!-- com.qa.database.DatabaseTest -->
    </test> <!-- Command line test -->
  </suite> <!-- com.qa.database.DatabaseTest -->
</testng-results>
