<?xml version="1.0" encoding="UTF-8"?>
<!-- Generated by org.testng.reporters.JUnitXMLReporter -->
<testsuite ignored="2" hostname="Suparenpai" failures="0" tests="1" name="DistributedTest" time="2.006" errors="0" timestamp="2025-09-01T17:07:53 PDT">
  <testcase classname="com.qa.tests.SampleLoginTest" name="testValidLogin" time="2.002"/>
  <testcase classname="com.qa.tests.SampleLoginTest" name="testEmptyCredentials" time="0.0">
    <ignored/>
  </testcase> <!-- testEmptyCredentials -->
  <testcase classname="com.qa.tests.SampleLoginTest" name="testInvalidLogin" time="0.0">
    <ignored/>
  </testcase> <!-- testInvalidLogin -->
</testsuite> <!-- DistributedTest -->
